<?xml version="1.0" encoding="UTF-8"?>
<testng-results ignored="0" total="3" passed="3" failed="0" skipped="0">
  <reporter-output>
  </reporter-output>
  <suite started-at="2024-02-29T16:59:54 IST" name="Default suite" finished-at="2024-02-29T17:00:07 IST" duration-ms="12409">
    <groups>
    </groups>
    <test started-at="2024-02-29T16:59:54 IST" name="Default test" finished-at="2024-02-29T17:00:07 IST" duration-ms="12409">
      <class name="com.tutorialsninja.qa.testcases.Register">
        <test-method is-config="true" signature="LaunchTheBrowser()[pri:0, instance:com.tutorialsninja.qa.testcases.Register@2a3b5b47]" started-at="2024-02-29T16:59:54 IST" name="LaunchTheBrowser" finished-at="2024-02-29T16:59:57 IST" duration-ms="3286" status="PASS">
          <reporter-output>
          </reporter-output>
        </test-method> <!-- LaunchTheBrowser -->
        <test-method signature="RegisterWithNewUser()[pri:1, instance:com.tutorialsninja.qa.testcases.Register@2a3b5b47]" started-at="2024-02-29T16:59:57 IST" name="RegisterWithNewUser" finished-at="2024-02-29T16:59:59 IST" duration-ms="1561" status="PASS">
          <reporter-output>
          </reporter-output>
        </test-method> <!-- RegisterWithNewUser -->
        <test-method is-config="true" signature="CloseTheBrowser()[pri:0, instance:com.tutorialsninja.qa.testcases.Register@2a3b5b47]" started-at="2024-02-29T16:59:59 IST" name="CloseTheBrowser" finished-at="2024-02-29T16:59:59 IST" duration-ms="181" status="PASS">
          <reporter-output>
          </reporter-output>
        </test-method> <!-- CloseTheBrowser -->
        <test-method is-config="true" signature="LaunchTheBrowser()[pri:0, instance:com.tutorialsninja.qa.testcases.Register@2a3b5b47]" started-at="2024-02-29T16:59:59 IST" name="LaunchTheBrowser" finished-at="2024-02-29T17:00:02 IST" duration-ms="2844" status="PASS">
          <reporter-output>
          </reporter-output>
        </test-method> <!-- LaunchTheBrowser -->
        <test-method signature="RegisterWithExistingEmail()[pri:2, instance:com.tutorialsninja.qa.testcases.Register@2a3b5b47]" started-at="2024-02-29T17:00:02 IST" name="RegisterWithExistingEmail" finished-at="2024-02-29T17:00:03 IST" duration-ms="835" status="PASS">
          <reporter-output>
          </reporter-output>
        </test-method> <!-- RegisterWithExistingEmail -->
        <test-method is-config="true" signature="CloseTheBrowser()[pri:0, instance:com.tutorialsninja.qa.testcases.Register@2a3b5b47]" started-at="2024-02-29T17:00:03 IST" name="CloseTheBrowser" finished-at="2024-02-29T17:00:03 IST" duration-ms="159" status="PASS">
          <reporter-output>
          </reporter-output>
        </test-method> <!-- CloseTheBrowser -->
        <test-method is-config="true" signature="LaunchTheBrowser()[pri:0, instance:com.tutorialsninja.qa.testcases.Register@2a3b5b47]" started-at="2024-02-29T17:00:03 IST" name="LaunchTheBrowser" finished-at="2024-02-29T17:00:06 IST" duration-ms="2866" status="PASS">
          <reporter-output>
          </reporter-output>
        </test-method> <!-- LaunchTheBrowser -->
        <test-method signature="RegistrationWithWarnings()[pri:3, instance:com.tutorialsninja.qa.testcases.Register@2a3b5b47]" started-at="2024-02-29T17:00:06 IST" name="RegistrationWithWarnings" finished-at="2024-02-29T17:00:06 IST" duration-ms="494" status="PASS">
          <reporter-output>
          </reporter-output>
        </test-method> <!-- RegistrationWithWarnings -->
        <test-method is-config="true" signature="CloseTheBrowser()[pri:0, instance:com.tutorialsninja.qa.testcases.Register@2a3b5b47]" started-at="2024-02-29T17:00:06 IST" name="CloseTheBrowser" finished-at="2024-02-29T17:00:07 IST" duration-ms="147" status="PASS">
          <reporter-output>
          </reporter-output>
        </test-method> <!-- CloseTheBrowser -->
      </class> <!-- com.tutorialsninja.qa.testcases.Register -->
    </test> <!-- Default test -->
  </suite> <!-- Default suite -->
</testng-results>
