<?xml version="1.0" encoding="UTF-8"?>
<!-- Generated by org.testng.reporters.JUnitXMLReporter -->
<testsuite ignored="0" hostname="Ganesh" failures="0" tests="13" name="Test" time="49.36" errors="0" timestamp="2024-02-29T17:31:35 IST">
  <testcase classname="com.tutorialsninja.qa.testcases.Register" name="RegisterWithNewUser" time="1.397"/>
  <testcase classname="com.tutorialsninja.qa.testcases.Register" name="RegisterWithExistingEmail" time="0.885"/>
  <testcase classname="com.tutorialsninja.qa.testcases.Register" name="RegistrationWithWarnings" time="0.464"/>
  <testcase classname="com.tutorialsninja.qa.testcases.Search" name="SearchWithValidProduct" time="0.718"/>
  <testcase classname="com.tutorialsninja.qa.testcases.Search" name="SearchWithInValidProduct" time="0.529"/>
  <testcase classname="com.tutorialsninja.qa.testcases.Search" name="SearchWithoutIValidProductName" time="0.31"/>
  <testcase classname="com.tutorialsninja.qa.testcases.Login" name="LoginWithValidCredentials" time="0.705"/>
  <testcase classname="com.tutorialsninja.qa.testcases.Login" name="LoginWithValidCredentials" time="0.722"/>
  <testcase classname="com.tutorialsninja.qa.testcases.Login" name="LoginWithValidCredentials" time="0.703"/>
  <testcase classname="com.tutorialsninja.qa.testcases.Login" name="LoginWithInvalidCredentialsNoofTimes" time="0.645"/>
  <testcase classname="com.tutorialsninja.qa.testcases.Login" name="LoginWithValidMailIDandInvalidPassword" time="0.567"/>
  <testcase classname="com.tutorialsninja.qa.testcases.Login" name="LoginWithInValidMailidandvalidPassword" time="0.616"/>
  <testcase classname="com.tutorialsninja.qa.testcases.Login" name="LoginWithInvalidCredentials" time="0.51"/>
</testsuite> <!-- Test -->
